May 28, 2025 2:11:21 AM com.motorph.repository.DataRepository <init>
INFO: DataRepository initialized
May 28, 2025 2:11:21 AM com.motorph.repository.DataRepository loadEmployees
INFO: Loading employees from: motorph_payroll_system/employeeDetails.csv
May 28, 2025 2:11:21 AM com.motorph.repository.DataRepository loadEmployees
WARNING: Could not read from employee file: motorph_payroll_system\employeeDetails.csv (The system cannot find the path specified)
May 28, 2025 2:11:21 AM com.motorph.repository.DataRepository loadEmployees
INFO: Using sample employee data
May 28, 2025 2:11:21 AM com.motorph.repository.DataRepository loadSampleEmployees
INFO: Loaded sample employee data
May 28, 2025 2:11:21 AM com.motorph.repository.DataRepository loadAttendanceRecords
INFO: Loading attendance from: motorph_payroll_system/attendanceRecord.csv
May 28, 2025 2:11:21 AM com.motorph.repository.DataRepository loadAttendanceRecords
WARNING: Could not read from attendance file: motorph_payroll_system\attendanceRecord.csv (The system cannot find the path specified)
May 28, 2025 2:11:21 AM com.motorph.repository.DataRepository loadAttendanceRecords
INFO: Using sample attendance data
May 28, 2025 2:11:21 AM com.motorph.repository.DataRepository loadSampleAttendanceRecords
INFO: Loaded sample attendance data
May 28, 2025 2:12:15 AM com.motorph.repository.DataRepository <init>
INFO: DataRepository initialized
May 28, 2025 2:12:15 AM com.motorph.repository.DataRepository loadEmployees
INFO: Loading employees from: motorph_payroll_system/employeeDetails.csv
May 28, 2025 2:12:15 AM com.motorph.repository.DataRepository loadEmployees
WARNING: Could not read from employee file: motorph_payroll_system\employeeDetails.csv (The system cannot find the path specified)
May 28, 2025 2:12:15 AM com.motorph.repository.DataRepository loadEmployees
INFO: Using sample employee data
May 28, 2025 2:12:15 AM com.motorph.repository.DataRepository loadSampleEmployees
INFO: Loaded sample employee data
May 28, 2025 2:12:15 AM com.motorph.repository.DataRepository loadAttendanceRecords
INFO: Loading attendance from: motorph_payroll_system/attendanceRecord.csv
May 28, 2025 2:12:15 AM com.motorph.repository.DataRepository loadAttendanceRecords
WARNING: Could not read from attendance file: motorph_payroll_system\attendanceRecord.csv (The system cannot find the path specified)
May 28, 2025 2:12:15 AM com.motorph.repository.DataRepository loadAttendanceRecords
INFO: Using sample attendance data
May 28, 2025 2:12:15 AM com.motorph.repository.DataRepository loadSampleAttendanceRecords
INFO: Loaded sample attendance data
May 28, 2025 2:52:31 AM com.motorph.repository.DataRepository <init>
INFO: DataRepository initialized
May 28, 2025 2:52:31 AM com.motorph.repository.DataRepository loadEmployees
INFO: Loading employees from: motorph_payroll_system/employeeDetails.csv
May 28, 2025 2:52:31 AM com.motorph.repository.DataRepository loadEmployees
WARNING: Could not read from employee file: motorph_payroll_system\employeeDetails.csv (The system cannot find the path specified)
May 28, 2025 2:52:31 AM com.motorph.repository.DataRepository loadEmployees
INFO: Using sample employee data
May 28, 2025 2:52:31 AM com.motorph.repository.DataRepository loadSampleEmployees
INFO: Loaded sample employee data
May 28, 2025 2:52:31 AM com.motorph.repository.DataRepository loadAttendanceRecords
INFO: Loading attendance from: motorph_payroll_system/attendanceRecord.csv
May 28, 2025 2:52:31 AM com.motorph.repository.DataRepository loadAttendanceRecords
WARNING: Could not read from attendance file: motorph_payroll_system\attendanceRecord.csv (The system cannot find the path specified)
May 28, 2025 2:52:31 AM com.motorph.repository.DataRepository loadAttendanceRecords
INFO: Using sample attendance data
May 28, 2025 2:52:31 AM com.motorph.repository.DataRepository loadSampleAttendanceRecords
INFO: Loaded sample attendance data
May 30, 2025 3:26:03 PM com.motorph.repository.DataRepository <init>
INFO: DataRepository initialized
May 30, 2025 3:26:03 PM com.motorph.repository.DataRepository loadEmployees
INFO: Loading employees from: motorph_payroll_system/employeeDetails.csv
May 30, 2025 3:26:03 PM com.motorph.repository.DataRepository loadEmployees
WARNING: Could not read from employee file: motorph_payroll_system\employeeDetails.csv (The system cannot find the path specified)
May 30, 2025 3:26:03 PM com.motorph.repository.DataRepository loadEmployees
INFO: Using sample employee data
May 30, 2025 3:26:03 PM com.motorph.repository.DataRepository loadSampleEmployees
INFO: Loaded sample employee data
May 30, 2025 3:26:03 PM com.motorph.repository.DataRepository loadAttendanceRecords
INFO: Loading attendance from: motorph_payroll_system/attendanceRecord.csv
May 30, 2025 3:26:03 PM com.motorph.repository.DataRepository loadAttendanceRecords
WARNING: Could not read from attendance file: motorph_payroll_system\attendanceRecord.csv (The system cannot find the path specified)
May 30, 2025 3:26:03 PM com.motorph.repository.DataRepository loadAttendanceRecords
INFO: Using sample attendance data
May 30, 2025 3:26:03 PM com.motorph.repository.DataRepository loadSampleAttendanceRecords
INFO: Loaded sample attendance data
